<b style='color:purple;'>SherKan</b> won <b style='color:orange;'>30 <i class='far fa-gem'></i></b> from <b style='color:blue;'>Wheel Spin</b>,
<b style='color:purple;'>SherKan</b> won <b style='color:grey;'>3 <i class='far fa-gem'></i></b> from <b style='color:blue;'>Wheel Spin</b>,
<b style='color:purple;'>SherKan</b> won <b style='color:grey;'>3 <i class='far fa-gem'></i></b> from <b style='color:blue;'>Wheel Spin</b>,
<b style='color:purple;'>SherKan</b> won <b style='color:grey;'>3 <i class='far fa-gem'></i></b> from <b style='color:blue;'>Wheel Spin</b>,
<b style='color:purple;'>SherKan</b> won <b style='color:grey;'>5 <i class='far fa-gem'></i></b> from <b style='color:blue;'>Wheel Spin</b>,
<b style='color:purple;'>SherKan</b> won <b style='color:orange;'>30 <i class='far fa-gem'></i></b> from <b style='color:blue;'>Wheel Spin</b>,
<b style='color:purple;'>SherKan</b> won <b style='color:grey;'>5 <i class='far fa-gem'></i></b> from <b style='color:blue;'>Wheel Spin</b>,
<b style='color:purple;'>SherKan</b> won <b style='color:#00c2ab;'>15 <i class='far fa-gem'></i></b> from <b style='color:blue;'>Wheel Spin</b>,
<b style='color:purple;'>SherKan</b> won <b style='color:grey;'>3 <i class='far fa-gem'></i></b> from <b style='color:blue;'>Wheel Spin</b>,
<b style='color:purple;'>SherKan</b> won <b style='color:red;'>50 <i class='far fa-gem'></i></b> from <b style='color:blue;'>Wheel Spin</b>,
<b style='color:purple;'>SherKan</b> won <b style='color:grey;'>3 <i class='far fa-gem'></i></b> from <b style='color:blue;'>Wheel Spin</b>,
<b style='color:purple;'>SherKan</b> won <b style='color:grey;'>3 <i class='far fa-gem'></i></b> from <b style='color:blue;'>Wheel Spin</b>,
<b style='color:purple;'>SherKan</b> won <b style='color:red;'>50 <i class='far fa-gem'></i></b> from <b style='color:blue;'>Wheel Spin</b>,
<b style='color:purple;'>SherKan</b> won <b style='color:grey;'>3 <i class='far fa-gem'></i></b> from <b style='color:blue;'>Wheel Spin</b>,
<b style='color:purple;'>SherKan</b> won <b style='color:grey;'>3 <i class='far fa-gem'></i></b> from <b style='color:blue;'>Wheel Spin</b>,
<b style='color:purple;'>MrsEvent</b> won <b style='color:grey;'>3 <i class='far fa-gem'></i></b> from <b style='color:blue;'>Wheel Spin</b>,
<b style='color:purple;'>MrsEvent</b> won <b style='color:grey;'>5 <i class='far fa-gem'></i></b> from <b style='color:blue;'>Wheel Spin</b>,
<b style='color:purple;'>SherKan</b> won <b style='color:grey;'>5 <i class='far fa-gem'></i></b> from <b style='color:blue;'>Wheel Spin</b>,
<b style='color:purple;'>SherKan</b> won <b style='color:grey;'>5 <i class='far fa-gem'></i></b> from <b style='color:blue;'>Wheel Spin</b>,
<b style='color:purple;'>SherKan</b> won <b style='color:grey;'>3 <i class='far fa-gem'></i></b> from <b style='color:blue;'>Wheel Spin</b>,
<b style='color:purple;'>SherKan</b> won <b style='color:grey;'>3 <i class='far fa-gem'></i></b> from <b style='color:blue;'>Wheel Spin</b>,
<b style='color:purple;'>SherKan</b> won <b style='color:grey;'>5 <i class='far fa-gem'></i></b> from <b style='color:blue;'>Wheel Spin</b>,
<b style='color:purple;'>SherKan</b> won <b style='color:grey;'>3 <i class='far fa-gem'></i></b> from <b style='color:blue;'>Wheel Spin</b>,
<b style='color:purple;'>SherKan</b> won <b style='color:grey;'>3 <i class='far fa-gem'></i></b> from <b style='color:blue;'>Wheel Spin</b>,
<b style='color:purple;'>SherKan</b> won <b style='color:grey;'>3 <i class='far fa-gem'></i></b> from <b style='color:blue;'>Wheel Spin</b>,
<b style='color:purple;'>SherKan</b> won <b style='color:orange;'>30 <i class='far fa-gem'></i></b> from <b style='color:blue;'>Wheel Spin</b>,
